
Showing logs for build [32mcb-kubecd-environment-pr-158-13-nq9sh-1[0m stage [32mfrom-build-pack[0m and container [32mstep-credential-initializer-5swnx[0m
{"level":"warn","ts":1581611648.4426048,"logger":"fallback-logger","caller":"logging/config.go:69","msg":"Fetch GitHub commit ID from kodata failed: \"ref: refs/heads/0.8.0-**-support-backwards-incompats\" is not a valid GitHub commit ID"}
{"level":"info","ts":1581611648.4429374,"logger":"fallback-logger","caller":"creds-init/main.go:40","msg":"Credentials initialized."}

Showing logs for build [32mcb-kubecd-environment-pr-158-13-nq9sh-1[0m stage [32mfrom-build-pack[0m and container [32mstep-working-dir-initializer-vvz8p[0m
{"level":"warn","ts":1581611649.4336932,"logger":"fallback-logger","caller":"logging/config.go:69","msg":"Fetch GitHub commit ID from kodata failed: open /var/run/ko/HEAD: no such file or directory"}
{"level":"info","ts":1581611649.434671,"logger":"fallback-logger","caller":"bash/main.go:64","msg":"Successfully executed command \"sh -c mkdir -p /workspace/source\"; output "}

Showing logs for build [32mcb-kubecd-environment-pr-158-13-nq9sh-1[0m stage [32mfrom-build-pack[0m and container [32mstep-place-tools[0m

Showing logs for build [32mcb-kubecd-environment-pr-158-13-nq9sh-1[0m stage [32mfrom-build-pack[0m and container [32mstep-git-source-cb-kubecd-environment-pr-158-13-nq9sh-jbtbl[0m
{"level":"warn","ts":1581611653.5556905,"logger":"fallback-logger","caller":"logging/config.go:69","msg":"Fetch GitHub commit ID from kodata failed: \"ref: refs/heads/0.8.0-**-support-backwards-incompats\" is not a valid GitHub commit ID"}
{"level":"info","ts":1581611653.7422783,"logger":"fallback-logger","caller":"git/git.go:103","msg":"Successfully cloned https://github.com/cb-kubecd/environment-pr-158-13-boot-eks-staging.git @ master in path /workspace/source"}

Showing logs for build [32mcb-kubecd-environment-pr-158-13-nq9sh-1[0m stage [32mfrom-build-pack[0m and container [32mstep-git-merge[0m
Using SHAs from PULL_REFS=master:3d0afce64b262b7959c70727c0f3a939d4d37e8f,1:a78e4c024b79d66b89a12b5b2df5afac790471e0
DEBUG: JX_LOG_LEVEL=error LC_ALL=C git fetch origin --unshallow a78e4c024b79d66b89a12b5b2df5afac790471e0: 3d0afce64b262b7959c70727c0f3a939d4d37e8f:
DEBUG: ran git fetch --unshallow origin a78e4c024b79d66b89a12b5b2df5afac790471e0: 3d0afce64b262b7959c70727c0f3a939d4d37e8f: in 
DEBUG: LC_ALL=C JX_LOG_LEVEL=error git branch
DEBUG: JX_LOG_LEVEL=error LC_ALL=C git checkout master
DEBUG: ran git checkout master in 
DEBUG: LC_ALL=C JX_LOG_LEVEL=error git reset --hard 3d0afce64b262b7959c70727c0f3a939d4d37e8f
DEBUG: ran git reset --hard 3d0afce64b262b7959c70727c0f3a939d4d37e8f in 
DEBUG: JX_LOG_LEVEL=error LC_ALL=C git clean -fd .
DEBUG: ran clean --force -d . in 
DEBUG: LC_ALL=C JX_LOG_LEVEL=error git merge a78e4c024b79d66b89a12b5b2df5afac790471e0
DEBUG: ran git merge a78e4c024b79d66b89a12b5b2df5afac790471e0 in 
DEBUG: LC_ALL=C JX_LOG_LEVEL=error git log --format=%H%x1f%an%x1f%ae%x1f%cn%x1f%ce%x1f%s%n%b%x1e 3d0afce64b262b7959c70727c0f3a939d4d37e8f..HEAD
Merged SHA a78e4c024b79d66b89a12b5b2df5afac790471e0 with commit message 'chore: Promote bdd-spring-1581611118 to version 0.0.1' into base branch master

Showing logs for build [32mcb-kubecd-environment-pr-158-13-nq9sh-1[0m stage [32mfrom-build-pack[0m and container [32mstep-build-helm-build[0m
WARNING: No $CHART_REPOSITORY defined so using the default value of: http://jenkins-x-chartmuseum:8080
Adding missing Helm repo: storage.googleapis.com https://storage.googleapis.com/chartmuseum.jenkins-x.io
WARNING: No secrets found on "helm/repos" due: reading the secret "helm/repos" from vault: no secret "helm/repos" not found in vault
Read credentials for https://storage.googleapis.com/chartmuseum.jenkins-x.io from vault helm/repos
Successfully added Helm repository storage.googleapis.com.
Adding missing Helm repo: jenkins-x-chartmuseum http://jenkins-x-chartmuseum:8080
WARNING: No secrets found on "helm/repos" due: reading the secret "helm/repos" from vault: no secret "helm/repos" not found in vault
Read credentials for http://jenkins-x-chartmuseum:8080 from vault helm/repos
Successfully added Helm repository jenkins-x-chartmuseum.
WARNING: No $CHART_REPOSITORY defined so using the default value of: http://jenkins-x-chartmuseum:8080
Adding missing Helm repo: chartmuseum.jenkins-x.io http://chartmuseum.jenkins-x.io
WARNING: No secrets found on "helm/repos" due: reading the secret "helm/repos" from vault: no secret "helm/repos" not found in vault
Read credentials for http://chartmuseum.jenkins-x.io from vault helm/repos
Successfully added Helm repository chartmuseum.jenkins-x.io.
